<?xml version="1.0" encoding="UTF-8"?>
<!-- Generated by org.testng.reporters.JUnitReportReporter -->
<testsuite hostname="MSI" failures="0" tests="1" name="modulepackage.RedrobProject.TestCase1_Signup" time="35.919" errors="0" timestamp="2025-07-21T14:22:05 IST" skipped="0">
  <testcase classname="modulepackage.RedrobProject.TestCase1_Signup" name="signup" time="35.919"/>
</testsuite> <!-- modulepackage.RedrobProject.TestCase1_Signup -->
