<?xml version="1.0" encoding="UTF-8"?>
<!-- Generated by org.testng.reporters.JUnitReportReporter -->
<testsuite hostname="MSI" failures="0" tests="1" name="modulepackage.RedrobProject.TestCase2_Login_With_Valid_Credentials" time="9.867" errors="0" timestamp="2025-07-19T09:43:27 IST" skipped="0">
  <testcase classname="modulepackage.RedrobProject.TestCase2_Login_With_Valid_Credentials" name="signin" time="9.867"/>
</testsuite> <!-- modulepackage.RedrobProject.TestCase2_Login_With_Valid_Credentials -->
