<?xml version="1.0" encoding="UTF-8"?>
<!-- Generated by org.testng.reporters.JUnitReportReporter -->
<testsuite hostname="MSI" failures="0" tests="1" name="modulepackage.RedrobProject.TestCase1_Login" time="11.880" errors="0" timestamp="2025-07-17T18:24:10 IST" skipped="0">
  <testcase classname="modulepackage.RedrobProject.TestCase1_Login" name="withValidCredentials" time="11.880"/>
</testsuite> <!-- modulepackage.RedrobProject.TestCase1_Login -->
